<?xml version="1.0" encoding="UTF-8"?>
<!-- Generated by org.testng.reporters.JUnitXMLReporter -->
<testsuite hostname="RHILD858309476" name="Default test" tests="4" failures="0" timestamp="11 May 2018 09:41:25 GMT" time="267.797" errors="0">
  <testcase name="clickOnStudentExploreTest" time="27.154" classname="com.religare.testscripts.StudentExploreTest"/>
  <testcase name="fillDetails" time="75.834" classname="com.religare.testscripts.StudentExploreTest"/>
  <testcase name="medHistTest" time="82.525" classname="com.religare.testscripts.StudentExploreTest"/>
  <testcase name="paymentPageCheckServiceResponseCareFreedomTest" time="53.678" classname="com.religare.testscripts.StudentExploreTest"/>
</testsuite> <!-- Default test -->
